# JRE version: OpenJDK Runtime Environment Temurin-17.0.16+8 (17.0.16+8) (build 17.0.16+8)
# Java VM: OpenJDK 64-Bit Server VM Temurin-17.0.16+8 (17.0.16+8, mixed mode, sharing, tiered, compressed oops, compressed class ptrs, g1 gc, windows-amd64)
GC Precious Log:
 CPUs: 4 total, 4 available
 Memory: 8064M
 Large Page Support: Disabled
 NUMA Support: Disabled
 Compressed Oops: Enabled (Zero based)
 Heap Region Size: 4M
 Heap Min Capacity: 8M
 Heap Initial Capacity: 128M
 Heap Max Capacity: 8G
 Pre-touch: Disabled
 Parallel Workers: 4
 Concurrent Workers: 1
 Concurrent Refinement Workers: 4
 Periodic GC: Disabled
Heap:
 garbage-first heap   total 151552K, used 74851K [0x0000000600000000, 0x0000000800000000)
  region size 4096K, 1 young (4096K), 1 survivors (4096K)
 Metaspace       used 69621K, committed 70272K, reserved 1114112K
  class space    used 9757K, committed 10048K, reserved 1048576K
GC Heap History (20 events):
Event: 14.871 GC heap after
{Heap after GC invocations=13 (full 0):
 garbage-first heap   total 98304K, used 37236K [0x0000000600000000, 0x0000000800000000)
  region size 4096K, 1 young (4096K), 1 survivors (4096K)
 Metaspace       used 41604K, committed 42048K, reserved 1114112K
  class space    used 5735K, committed 5952K, reserved 1048576K
}
Event: 15.130 GC heap before
{Heap before GC invocations=13 (full 0):
 garbage-first heap   total 98304K, used 74100K [0x0000000600000000, 0x0000000800000000)
  region size 4096K, 10 young (40960K), 1 survivors (4096K)
 Metaspace       used 41656K, committed 42176K, reserved 1114112K
  class space    used 5735K, committed 5952K, reserved 1048576K
}
Event: 15.138 GC heap after
{Heap after GC invocations=14 (full 0):
 garbage-first heap   total 98304K, used 39920K [0x0000000600000000, 0x0000000800000000)
  region size 4096K, 1 young (4096K), 1 survivors (4096K)
 Metaspace       used 41656K, committed 42176K, reserved 1114112K
  class space    used 5735K, committed 5952K, reserved 1048576K
}
Event: 15.365 GC heap before
{Heap before GC invocations=15 (full 0):
 garbage-first heap   total 98304K, used 72688K [0x0000000600000000, 0x0000000800000000)
  region size 4096K, 9 young (36864K), 1 survivors (4096K)
 Metaspace       used 41641K, committed 42176K, reserved 1114112K
  class space    used 5731K, committed 5952K, reserved 1048576K
}
Event: 15.374 GC heap after
{Heap after GC invocations=16 (full 0):
 garbage-first heap   total 98304K, used 41186K [0x0000000600000000, 0x0000000800000000)
  region size 4096K, 2 young (8192K), 2 survivors (8192K)
 Metaspace       used 41641K, committed 42176K, reserved 1114112K
  class space    used 5731K, committed 5952K, reserved 1048576K
}
Event: 15.544 GC heap before
{Heap before GC invocations=16 (full 0):
 garbage-first heap   total 98304K, used 73954K [0x0000000600000000, 0x0000000800000000)
  region size 4096K, 10 young (40960K), 2 survivors (8192K)
 Metaspace       used 41641K, committed 42176K, reserved 1114112K
  class space    used 5731K, committed 5952K, reserved 1048576K
}
Event: 15.559 GC heap after
{Heap after GC invocations=17 (full 0):
 garbage-first heap   total 151552K, used 42856K [0x0000000600000000, 0x0000000800000000)
  region size 4096K, 2 young (8192K), 2 survivors (8192K)
 Metaspace       used 41641K, committed 42176K, reserved 1114112K
  class space    used 5731K, committed 5952K, reserved 1048576K
}
Event: 16.555 GC heap before
{Heap before GC invocations=17 (full 0):
 garbage-first heap   total 151552K, used 112488K [0x0000000600000000, 0x0000000800000000)
  region size 4096K, 19 young (77824K), 2 survivors (8192K)
 Metaspace       used 42336K, committed 42816K, reserved 1114112K
  class space    used 5780K, committed 6016K, reserved 1048576K
}
Event: 16.567 GC heap after
{Heap after GC invocations=18 (full 0):
 garbage-first heap   total 151552K, used 45794K [0x0000000600000000, 0x0000000800000000)
  region size 4096K, 2 young (8192K), 2 survivors (8192K)
 Metaspace       used 42336K, committed 42816K, reserved 1114112K
  class space    used 5780K, committed 6016K, reserved 1048576K
}
Event: 18.134 GC heap before
{Heap before GC invocations=18 (full 0):
 garbage-first heap   total 151552K, used 115426K [0x0000000600000000, 0x0000000800000000)
  region size 4096K, 19 young (77824K), 2 survivors (8192K)
 Metaspace       used 47003K, committed 47616K, reserved 1114112K
  class space    used 6370K, committed 6656K, reserved 1048576K
}
Event: 18.148 GC heap after
{Heap after GC invocations=19 (full 0):
 garbage-first heap   total 151552K, used 48525K [0x0000000600000000, 0x0000000800000000)
  region size 4096K, 3 young (12288K), 3 survivors (12288K)
 Metaspace       used 47003K, committed 47616K, reserved 1114112K
  class space    used 6370K, committed 6656K, reserved 1048576K
}
Event: 19.533 GC heap before
{Heap before GC invocations=19 (full 0):
 garbage-first heap   total 151552K, used 118157K [0x0000000600000000, 0x0000000800000000)
  region size 4096K, 20 young (81920K), 3 survivors (12288K)
 Metaspace       used 51431K, committed 52096K, reserved 1114112K
  class space    used 7096K, committed 7424K, reserved 1048576K
}
Event: 19.549 GC heap after
{Heap after GC invocations=20 (full 0):
 garbage-first heap   total 151552K, used 52248K [0x0000000600000000, 0x0000000800000000)
  region size 4096K, 2 young (8192K), 2 survivors (8192K)
 Metaspace       used 51431K, committed 52096K, reserved 1114112K
  class space    used 7096K, committed 7424K, reserved 1048576K
}
Event: 21.307 GC heap before
{Heap before GC invocations=20 (full 0):
 garbage-first heap   total 151552K, used 117784K [0x0000000600000000, 0x0000000800000000)
  region size 4096K, 18 young (73728K), 2 survivors (8192K)
 Metaspace       used 56641K, committed 57280K, reserved 1114112K
  class space    used 7926K, committed 8256K, reserved 1048576K
}
Event: 21.322 GC heap after
{Heap after GC invocations=21 (full 0):
 garbage-first heap   total 151552K, used 56242K [0x0000000600000000, 0x0000000800000000)
  region size 4096K, 3 young (12288K), 3 survivors (12288K)
 Metaspace       used 56641K, committed 57280K, reserved 1114112K
  class space    used 7926K, committed 8256K, reserved 1048576K
}
Event: 24.806 GC heap before
{Heap before GC invocations=21 (full 0):
 garbage-first heap   total 151552K, used 113586K [0x0000000600000000, 0x0000000800000000)
  region size 4096K, 18 young (73728K), 3 survivors (12288K)
 Metaspace       used 60392K, committed 61120K, reserved 1114112K
  class space    used 8517K, committed 8832K, reserved 1048576K
}
Event: 24.823 GC heap after
{Heap after GC invocations=22 (full 0):
 garbage-first heap   total 151552K, used 58878K [0x0000000600000000, 0x0000000800000000)
  region size 4096K, 2 young (8192K), 2 survivors (8192K)
 Metaspace       used 60392K, committed 61120K, reserved 1114112K
  class space    used 8517K, committed 8832K, reserved 1048576K
}
Event: 26.519 GC heap before
{Heap before GC invocations=22 (full 0):
 garbage-first heap   total 151552K, used 124414K [0x0000000600000000, 0x0000000800000000)
  region size 4096K, 17 young (69632K), 2 survivors (8192K)
 Metaspace       used 66394K, committed 67136K, reserved 1114112K
  class space    used 9325K, committed 9664K, reserved 1048576K
}
Event: 26.540 GC heap after
{Heap after GC invocations=23 (full 0):
 garbage-first heap   total 151552K, used 68150K [0x0000000600000000, 0x0000000800000000)
  region size 4096K, 3 young (12288K), 3 survivors (12288K)
 Metaspace       used 66394K, committed 67136K, reserved 1114112K
  class space    used 9325K, committed 9664K, reserved 1048576K
}
Event: 28.502 GC heap before
{Heap before GC invocations=23 (full 0):
 garbage-first heap   total 151552K, used 121398K [0x0000000600000000, 0x0000000800000000)
  region size 4096K, 15 young (61440K), 3 survivors (12288K)
 Metaspace       used 69621K, committed 70272K, reserved 1114112K
  class space    used 9757K, committed 10048K, reserved 1048576K
}

